# JRE version: Java(TM) SE Runtime Environment (8.0_20-b26) (build 1.8.0_20-b26)
# Java VM: Java HotSpot(TM) 64-Bit Server VM (25.20-b23 mixed mode bsd-amd64 compressed oops)
Heap:
 PSYoungGen      total 79360K, used 3947K [0x00000007aab00000, 0x00000007b0800000, 0x00000007c0000000)
  eden space 65536K, 6% used [0x00000007aab00000,0x00000007aaedae50,0x00000007aeb00000)
  from space 13824K, 0% used [0x00000007afa80000,0x00000007afa80000,0x00000007b0800000)
  to   space 14848K, 0% used [0x00000007aeb00000,0x00000007aeb00000,0x00000007af980000)
 ParOldGen       total 64512K, used 27764K [0x0000000780000000, 0x0000000783f00000, 0x00000007aab00000)
  object space 64512K, 43% used [0x0000000780000000,0x0000000781b1d3a0,0x0000000783f00000)
 Metaspace       used 20147K, capacity 21538K, committed 21632K, reserved 1067008K
  class space    used 2939K, capacity 3162K, committed 3200K, reserved 1048576K
GC Heap History (10 events):
Event: 2.573 GC heap before
{Heap before GC invocations=3 (full 0):
 PSYoungGen      total 18944K, used 18937K [0x00000007aab00000, 0x00000007ad000000, 0x00000007c0000000)
  eden space 16384K, 100% used [0x00000007aab00000,0x00000007abb00000,0x00000007abb00000)
  from space 2560K, 99% used [0x00000007abd80000,0x00000007abffe5e8,0x00000007ac000000)
  to   space 2560K, 0% used [0x00000007abb00000,0x00000007abb00000,0x00000007abd80000)
 ParOldGen       total 44032K, used 1878K [0x0000000780000000, 0x0000000782b00000, 0x00000007aab00000)
  object space 44032K, 4% used [0x0000000780000000,0x00000007801d5830,0x0000000782b00000)
 Metaspace       used 14367K, capacity 14846K, committed 15104K, reserved 1062912K
  class space    used 2097K, capacity 2228K, committed 2304K, reserved 1048576K
Event: 2.593 GC heap after
Heap after GC invocations=3 (full 0):
 PSYoungGen      total 18944K, used 2544K [0x00000007aab00000, 0x00000007ad000000, 0x00000007c0000000)
  eden space 16384K, 0% used [0x00000007aab00000,0x00000007aab00000,0x00000007abb00000)
  from space 2560K, 99% used [0x00000007abb00000,0x00000007abd7c058,0x00000007abd80000)
  to   space 2560K, 0% used [0x00000007acd80000,0x00000007acd80000,0x00000007ad000000)
 ParOldGen       total 44032K, used 14386K [0x0000000780000000, 0x0000000782b00000, 0x00000007aab00000)
  object space 44032K, 32% used [0x0000000780000000,0x0000000780e0c918,0x0000000782b00000)
 Metaspace       used 14367K, capacity 14846K, committed 15104K, reserved 1062912K
  class space    used 2097K, capacity 2228K, committed 2304K, reserved 1048576K
}
Event: 2.824 GC heap before
{Heap before GC invocations=4 (full 0):
 PSYoungGen      total 18944K, used 18928K [0x00000007aab00000, 0x00000007ad000000, 0x00000007c0000000)
  eden space 16384K, 100% used [0x00000007aab00000,0x00000007abb00000,0x00000007abb00000)
  from space 2560K, 99% used [0x00000007abb00000,0x00000007abd7c058,0x00000007abd80000)
  to   space 2560K, 0% used [0x00000007acd80000,0x00000007acd80000,0x00000007ad000000)
 ParOldGen       total 44032K, used 14386K [0x0000000780000000, 0x0000000782b00000, 0x00000007aab00000)
  object space 44032K, 32% used [0x0000000780000000,0x0000000780e0c918,0x0000000782b00000)
 Metaspace       used 15010K, capacity 15612K, committed 15744K, reserved 1062912K
  class space    used 2197K, capacity 2357K, committed 2432K, reserved 1048576K
Event: 2.832 GC heap after
Heap after GC invocations=4 (full 0):
 PSYoungGen      total 35328K, used 2544K [0x00000007aab00000, 0x00000007ad000000, 0x00000007c0000000)
  eden space 32768K, 0% used [0x00000007aab00000,0x00000007aab00000,0x00000007acb00000)
  from space 2560K, 99% used [0x00000007acd80000,0x00000007acffc078,0x00000007ad000000)
  to   space 2560K, 0% used [0x00000007acb00000,0x00000007acb00000,0x00000007acd80000)
 ParOldGen       total 44032K, used 14866K [0x0000000780000000, 0x0000000782b00000, 0x00000007aab00000)
  object space 44032K, 33% used [0x0000000780000000,0x0000000780e84948,0x0000000782b00000)
 Metaspace       used 15010K, capacity 15612K, committed 15744K, reserved 1062912K
  class space    used 2197K, capacity 2357K, committed 2432K, reserved 1048576K
}
Event: 4.644 GC heap before
{Heap before GC invocations=5 (full 0):
 PSYoungGen      total 35328K, used 35125K [0x00000007aab00000, 0x00000007ad000000, 0x00000007c0000000)
  eden space 32768K, 99% used [0x00000007aab00000,0x00000007acad1550,0x00000007acb00000)
  from space 2560K, 99% used [0x00000007acd80000,0x00000007acffc078,0x00000007ad000000)
  to   space 2560K, 0% used [0x00000007acb00000,0x00000007acb00000,0x00000007acd80000)
 ParOldGen       total 44032K, used 14866K [0x0000000780000000, 0x0000000782b00000, 0x00000007aab00000)
  object space 44032K, 33% used [0x0000000780000000,0x0000000780e84948,0x0000000782b00000)
 Metaspace       used 18993K, capacity 20274K, committed 20608K, reserved 1067008K
  class space    used 2848K, capacity 3086K, committed 3200K, reserved 1048576K
Event: 4.677 GC heap after
Heap after GC invocations=5 (full 0):
 PSYoungGen      total 35328K, used 2528K [0x00000007aab00000, 0x00000007b0a00000, 0x00000007c0000000)
  eden space 32768K, 0% used [0x00000007aab00000,0x00000007aab00000,0x00000007acb00000)
  from space 2560K, 98% used [0x00000007acb00000,0x00000007acd78068,0x00000007acd80000)
  to   space 15872K, 0% used [0x00000007afa80000,0x00000007afa80000,0x00000007b0a00000)
 ParOldGen       total 44032K, used 22371K [0x0000000780000000, 0x0000000782b00000, 0x00000007aab00000)
  object space 44032K, 50% used [0x0000000780000000,0x00000007815d8c88,0x0000000782b00000)
 Metaspace       used 18993K, capacity 20274K, committed 20608K, reserved 1067008K
  class space    used 2848K, capacity 3086K, committed 3200K, reserved 1048576K
}
Event: 11.025 GC heap before
{Heap before GC invocations=6 (full 0):
 PSYoungGen      total 35328K, used 20874K [0x00000007aab00000, 0x00000007b0a00000, 0x00000007c0000000)
  eden space 32768K, 55% used [0x00000007aab00000,0x00000007abcea840,0x00000007acb00000)
  from space 2560K, 98% used [0x00000007acb00000,0x00000007acd78068,0x00000007acd80000)
  to   space 15872K, 0% used [0x00000007afa80000,0x00000007afa80000,0x00000007b0a00000)
 ParOldGen       total 44032K, used 22371K [0x0000000780000000, 0x0000000782b00000, 0x00000007aab00000)
  object space 44032K, 50% used [0x0000000780000000,0x00000007815d8c88,0x0000000782b00000)
 Metaspace       used 19886K, capacity 21234K, committed 21296K, reserved 1067008K
  class space    used 2920K, capacity 3150K, committed 3200K, reserved 1048576K
Event: 11.047 GC heap after
Heap after GC invocations=6 (full 0):
 PSYoungGen      total 79360K, used 6608K [0x00000007aab00000, 0x00000007b0800000, 0x00000007c0000000)
  eden space 65536K, 0% used [0x00000007aab00000,0x00000007aab00000,0x00000007aeb00000)
  from space 13824K, 47% used [0x00000007afa80000,0x00000007b00f4088,0x00000007b0800000)
  to   space 14848K, 0% used [0x00000007aeb00000,0x00000007aeb00000,0x00000007af980000)
 ParOldGen       total 44032K, used 22379K [0x0000000780000000, 0x0000000782b00000, 0x00000007aab00000)
  object space 44032K, 50% used [0x0000000780000000,0x00000007815dac88,0x0000000782b00000)
 Metaspace       used 19886K, capacity 21234K, committed 21296K, reserved 1067008K
  class space    used 2920K, capacity 3150K, committed 3200K, reserved 1048576K
}
Event: 11.047 GC heap before
{Heap before GC invocations=7 (full 1):
 PSYoungGen      total 79360K, used 6608K [0x00000007aab00000, 0x00000007b0800000, 0x00000007c0000000)
  eden space 65536K, 0% used [0x00000007aab00000,0x00000007aab00000,0x00000007aeb00000)
  from space 13824K, 47% used [0x00000007afa80000,0x00000007b00f4088,0x00000007b0800000)
  to   space 14848K, 0% used [0x00000007aeb00000,0x00000007aeb00000,0x00000007af980000)
 ParOldGen       total 44032K, used 22379K [0x0000000780000000, 0x0000000782b00000, 0x00000007aab00000)
  object space 44032K, 50% used [0x0000000780000000,0x00000007815dac88,0x0000000782b00000)
 Metaspace       used 19886K, capacity 21234K, committed 21296K, reserved 1067008K
  class space    used 2920K, capacity 3150K, committed 3200K, reserved 1048576K
Event: 11.207 GC heap after
Heap after GC invocations=7 (full 1):
 PSYoungGen      total 79360K, used 0K [0x00000007aab00000, 0x00000007b0800000, 0x00000007c0000000)
  eden space 65536K, 0% used [0x00000007aab00000,0x00000007aab00000,0x00000007aeb00000)
  from space 13824K, 0% used [0x00000007afa80000,0x00000007afa80000,0x00000007b0800000)
  to   space 14848K, 0% used [0x00000007aeb00000,0x00000007aeb00000,0x00000007af980000)
 ParOldGen       total 64512K, used 27764K [0x0000000780000000, 0x0000000783f00000, 0x00000007aab00000)
  object space 64512K, 43% used [0x0000000780000000,0x0000000781b1d3a0,0x0000000783f00000)
 Metaspace       used 19885K, capacity 21232K, committed 21296K, reserved 1067008K
  class space    used 2919K, capacity 3149K, committed 3200K, reserved 1048576K
}

